# JRE version: OpenJDK Runtime Environment Temurin-17.0.4.1+1 (17.0.4.1+1) (build 17.0.4.1+1)
# Java VM: OpenJDK 64-Bit Server VM Temurin-17.0.4.1+1 (17.0.4.1+1, mixed mode, tiered, compressed oops, compressed class ptrs, parallel gc, windows-amd64)
GC Precious Log:
 CPUs: 12 total, 12 available
 Memory: 7518M
 Large Page Support: Disabled
 NUMA Support: Disabled
 Compressed Oops: Enabled (32-bit)
 Alignments: Space 512K, Generation 512K, Heap 2M
 Heap Min Capacity: 100M
 Heap Initial Capacity: 100M
 Heap Max Capacity: 1G
 Pre-touch: Disabled
 Parallel Workers: 10
Heap:
 PSYoungGen      total 11264K, used 4286K [0x00000000eab00000, 0x00000000eb780000, 0x0000000100000000)
  eden space 10752K, 35% used [0x00000000eab00000,0x00000000eaeafb68,0x00000000eb580000)
  from space 512K, 100% used [0x00000000eb700000,0x00000000eb780000,0x00000000eb780000)
  to   space 1024K, 0% used [0x00000000eb580000,0x00000000eb580000,0x00000000eb680000)
 ParOldGen       total 231936K, used 218741K [0x00000000c0000000, 0x00000000ce280000, 0x00000000eab00000)
  object space 231936K, 94% used [0x00000000c0000000,0x00000000cd59d760,0x00000000ce280000)
 Metaspace       used 83001K, committed 84288K, reserved 1130496K
  class space    used 7927K, committed 8448K, reserved 1048576K
GC Heap History (20 events):
Event: 14458.895 GC heap before
{Heap before GC invocations=2953 (full 75):
 PSYoungGen      total 11264K, used 11232K [0x00000000eab00000, 0x00000000eb780000, 0x0000000100000000)
  eden space 10752K, 100% used [0x00000000eab00000,0x00000000eb580000,0x00000000eb580000)
  from space 512K, 93% used [0x00000000eb700000,0x00000000eb778020,0x00000000eb780000)
  to   space 1024K, 0% used [0x00000000eb580000,0x00000000eb580000,0x00000000eb680000)
 ParOldGen       total 231936K, used 212631K [0x00000000c0000000, 0x00000000ce280000, 0x00000000eab00000)
  object space 231936K, 91% used [0x00000000c0000000,0x00000000ccfa5d30,0x00000000ce280000)
 Metaspace       used 83001K, committed 84288K, reserved 1130496K
  class space    used 7927K, committed 8448K, reserved 1048576K
}
Event: 14458.896 GC heap after
{Heap after GC invocations=2953 (full 75):
 PSYoungGen      total 11776K, used 1018K [0x00000000eab00000, 0x00000000eba80000, 0x0000000100000000)
  eden space 10752K, 0% used [0x00000000eab00000,0x00000000eab00000,0x00000000eb580000)
  from space 1024K, 99% used [0x00000000eb580000,0x00000000eb67e910,0x00000000eb680000)
  to   space 2560K, 0% used [0x00000000eb800000,0x00000000eb800000,0x00000000eba80000)
 ParOldGen       total 231936K, used 213636K [0x00000000c0000000, 0x00000000ce280000, 0x00000000eab00000)
  object space 231936K, 92% used [0x00000000c0000000,0x00000000cd0a1068,0x00000000ce280000)
 Metaspace       used 83001K, committed 84288K, reserved 1130496K
  class space    used 7927K, committed 8448K, reserved 1048576K
}
Event: 14458.904 GC heap before
{Heap before GC invocations=2954 (full 75):
 PSYoungGen      total 11776K, used 11770K [0x00000000eab00000, 0x00000000eba80000, 0x0000000100000000)
  eden space 10752K, 100% used [0x00000000eab00000,0x00000000eb580000,0x00000000eb580000)
  from space 1024K, 99% used [0x00000000eb580000,0x00000000eb67e910,0x00000000eb680000)
  to   space 2560K, 0% used [0x00000000eb800000,0x00000000eb800000,0x00000000eba80000)
 ParOldGen       total 231936K, used 213636K [0x00000000c0000000, 0x00000000ce280000, 0x00000000eab00000)
  object space 231936K, 92% used [0x00000000c0000000,0x00000000cd0a1068,0x00000000ce280000)
 Metaspace       used 83001K, committed 84288K, reserved 1130496K
  class space    used 7927K, committed 8448K, reserved 1048576K
}
Event: 14458.905 GC heap after
{Heap after GC invocations=2954 (full 75):
 PSYoungGen      total 11264K, used 496K [0x00000000eab00000, 0x00000000eb880000, 0x0000000100000000)
  eden space 10752K, 0% used [0x00000000eab00000,0x00000000eab00000,0x00000000eb580000)
  from space 512K, 96% used [0x00000000eb800000,0x00000000eb87c010,0x00000000eb880000)
  to   space 1536K, 0% used [0x00000000eb580000,0x00000000eb580000,0x00000000eb700000)
 ParOldGen       total 231936K, used 214670K [0x00000000c0000000, 0x00000000ce280000, 0x00000000eab00000)
  object space 231936K, 92% used [0x00000000c0000000,0x00000000cd1a3a98,0x00000000ce280000)
 Metaspace       used 83001K, committed 84288K, reserved 1130496K
  class space    used 7927K, committed 8448K, reserved 1048576K
}
Event: 14458.914 GC heap before
{Heap before GC invocations=2955 (full 75):
 PSYoungGen      total 11264K, used 11248K [0x00000000eab00000, 0x00000000eb880000, 0x0000000100000000)
  eden space 10752K, 100% used [0x00000000eab00000,0x00000000eb580000,0x00000000eb580000)
  from space 512K, 96% used [0x00000000eb800000,0x00000000eb87c010,0x00000000eb880000)
  to   space 1536K, 0% used [0x00000000eb580000,0x00000000eb580000,0x00000000eb700000)
 ParOldGen       total 231936K, used 214670K [0x00000000c0000000, 0x00000000ce280000, 0x00000000eab00000)
  object space 231936K, 92% used [0x00000000c0000000,0x00000000cd1a3a98,0x00000000ce280000)
 Metaspace       used 83001K, committed 84288K, reserved 1130496K
  class space    used 7927K, committed 8448K, reserved 1048576K
}
Event: 14458.915 GC heap after
{Heap after GC invocations=2955 (full 75):
 PSYoungGen      total 12288K, used 560K [0x00000000eab00000, 0x00000000eb880000, 0x0000000100000000)
  eden space 10752K, 0% used [0x00000000eab00000,0x00000000eab00000,0x00000000eb580000)
  from space 1536K, 36% used [0x00000000eb580000,0x00000000eb60c030,0x00000000eb700000)
  to   space 1024K, 0% used [0x00000000eb780000,0x00000000eb780000,0x00000000eb880000)
 ParOldGen       total 231936K, used 214990K [0x00000000c0000000, 0x00000000ce280000, 0x00000000eab00000)
  object space 231936K, 92% used [0x00000000c0000000,0x00000000cd1f3ab8,0x00000000ce280000)
 Metaspace       used 83001K, committed 84288K, reserved 1130496K
  class space    used 7927K, committed 8448K, reserved 1048576K
}
Event: 14458.920 GC heap before
{Heap before GC invocations=2956 (full 75):
 PSYoungGen      total 12288K, used 11312K [0x00000000eab00000, 0x00000000eb880000, 0x0000000100000000)
  eden space 10752K, 100% used [0x00000000eab00000,0x00000000eb580000,0x00000000eb580000)
  from space 1536K, 36% used [0x00000000eb580000,0x00000000eb60c030,0x00000000eb700000)
  to   space 1024K, 0% used [0x00000000eb780000,0x00000000eb780000,0x00000000eb880000)
 ParOldGen       total 231936K, used 214990K [0x00000000c0000000, 0x00000000ce280000, 0x00000000eab00000)
  object space 231936K, 92% used [0x00000000c0000000,0x00000000cd1f3ab8,0x00000000ce280000)
 Metaspace       used 83001K, committed 84288K, reserved 1130496K
  class space    used 7927K, committed 8448K, reserved 1048576K
}
Event: 14458.921 GC heap after
{Heap after GC invocations=2956 (full 75):
 PSYoungGen      total 11264K, used 416K [0x00000000eab00000, 0x00000000eb800000, 0x0000000100000000)
  eden space 10752K, 0% used [0x00000000eab00000,0x00000000eab00000,0x00000000eb580000)
  from space 512K, 81% used [0x00000000eb780000,0x00000000eb7e8020,0x00000000eb800000)
  to   space 512K, 0% used [0x00000000eb700000,0x00000000eb700000,0x00000000eb780000)
 ParOldGen       total 231936K, used 215448K [0x00000000c0000000, 0x00000000ce280000, 0x00000000eab00000)
  object space 231936K, 92% used [0x00000000c0000000,0x00000000cd266220,0x00000000ce280000)
 Metaspace       used 83001K, committed 84288K, reserved 1130496K
  class space    used 7927K, committed 8448K, reserved 1048576K
}
Event: 14458.928 GC heap before
{Heap before GC invocations=2957 (full 75):
 PSYoungGen      total 11264K, used 11168K [0x00000000eab00000, 0x00000000eb800000, 0x0000000100000000)
  eden space 10752K, 100% used [0x00000000eab00000,0x00000000eb580000,0x00000000eb580000)
  from space 512K, 81% used [0x00000000eb780000,0x00000000eb7e8020,0x00000000eb800000)
  to   space 512K, 0% used [0x00000000eb700000,0x00000000eb700000,0x00000000eb780000)
 ParOldGen       total 231936K, used 215448K [0x00000000c0000000, 0x00000000ce280000, 0x00000000eab00000)
  object space 231936K, 92% used [0x00000000c0000000,0x00000000cd266220,0x00000000ce280000)
 Metaspace       used 83001K, committed 84288K, reserved 1130496K
  class space    used 7927K, committed 8448K, reserved 1048576K
}
Event: 14458.928 GC heap after
{Heap after GC invocations=2957 (full 75):
 PSYoungGen      total 11264K, used 512K [0x00000000eab00000, 0x00000000eb800000, 0x0000000100000000)
  eden space 10752K, 0% used [0x00000000eab00000,0x00000000eab00000,0x00000000eb580000)
  from space 512K, 100% used [0x00000000eb700000,0x00000000eb780000,0x00000000eb780000)
  to   space 512K, 0% used [0x00000000eb780000,0x00000000eb780000,0x00000000eb800000)
 ParOldGen       total 231936K, used 215760K [0x00000000c0000000, 0x00000000ce280000, 0x00000000eab00000)
  object space 231936K, 93% used [0x00000000c0000000,0x00000000cd2b4240,0x00000000ce280000)
 Metaspace       used 83001K, committed 84288K, reserved 1130496K
  class space    used 7927K, committed 8448K, reserved 1048576K
}
Event: 14458.944 GC heap before
{Heap before GC invocations=2958 (full 75):
 PSYoungGen      total 11264K, used 11264K [0x00000000eab00000, 0x00000000eb800000, 0x0000000100000000)
  eden space 10752K, 100% used [0x00000000eab00000,0x00000000eb580000,0x00000000eb580000)
  from space 512K, 100% used [0x00000000eb700000,0x00000000eb780000,0x00000000eb780000)
  to   space 512K, 0% used [0x00000000eb780000,0x00000000eb780000,0x00000000eb800000)
 ParOldGen       total 231936K, used 215760K [0x00000000c0000000, 0x00000000ce280000, 0x00000000eab00000)
  object space 231936K, 93% used [0x00000000c0000000,0x00000000cd2b4240,0x00000000ce280000)
 Metaspace       used 83001K, committed 84288K, reserved 1130496K
  class space    used 7927K, committed 8448K, reserved 1048576K
}
Event: 14458.946 GC heap after
{Heap after GC invocations=2958 (full 75):
 PSYoungGen      total 11264K, used 512K [0x00000000eab00000, 0x00000000eb980000, 0x0000000100000000)
  eden space 10752K, 0% used [0x00000000eab00000,0x00000000eab00000,0x00000000eb580000)
  from space 512K, 100% used [0x00000000eb780000,0x00000000eb800000,0x00000000eb800000)
  to   space 2048K, 0% used [0x00000000eb580000,0x00000000eb580000,0x00000000eb780000)
 ParOldGen       total 231936K, used 217093K [0x00000000c0000000, 0x00000000ce280000, 0x00000000eab00000)
  object space 231936K, 93% used [0x00000000c0000000,0x00000000cd4016a8,0x00000000ce280000)
 Metaspace       used 83001K, committed 84288K, reserved 1130496K
  class space    used 7927K, committed 8448K, reserved 1048576K
}
Event: 14458.952 GC heap before
{Heap before GC invocations=2959 (full 75):
 PSYoungGen      total 11264K, used 11264K [0x00000000eab00000, 0x00000000eb980000, 0x0000000100000000)
  eden space 10752K, 100% used [0x00000000eab00000,0x00000000eb580000,0x00000000eb580000)
  from space 512K, 100% used [0x00000000eb780000,0x00000000eb800000,0x00000000eb800000)
  to   space 2048K, 0% used [0x00000000eb580000,0x00000000eb580000,0x00000000eb780000)
 ParOldGen       total 231936K, used 217093K [0x00000000c0000000, 0x00000000ce280000, 0x00000000eab00000)
  object space 231936K, 93% used [0x00000000c0000000,0x00000000cd4016a8,0x00000000ce280000)
 Metaspace       used 83001K, committed 84288K, reserved 1130496K
  class space    used 7927K, committed 8448K, reserved 1048576K
}
Event: 14458.953 GC heap after
{Heap after GC invocations=2959 (full 75):
 PSYoungGen      total 11264K, used 512K [0x00000000eab00000, 0x00000000eb800000, 0x0000000100000000)
  eden space 10752K, 0% used [0x00000000eab00000,0x00000000eab00000,0x00000000eb580000)
  from space 512K, 100% used [0x00000000eb580000,0x00000000eb600000,0x00000000eb600000)
  to   space 1024K, 0% used [0x00000000eb700000,0x00000000eb700000,0x00000000eb800000)
 ParOldGen       total 231936K, used 217651K [0x00000000c0000000, 0x00000000ce280000, 0x00000000eab00000)
  object space 231936K, 93% used [0x00000000c0000000,0x00000000cd48cfb8,0x00000000ce280000)
 Metaspace       used 83001K, committed 84288K, reserved 1130496K
  class space    used 7927K, committed 8448K, reserved 1048576K
}
Event: 14458.961 GC heap before
{Heap before GC invocations=2960 (full 75):
 PSYoungGen      total 11264K, used 11264K [0x00000000eab00000, 0x00000000eb800000, 0x0000000100000000)
  eden space 10752K, 100% used [0x00000000eab00000,0x00000000eb580000,0x00000000eb580000)
  from space 512K, 100% used [0x00000000eb580000,0x00000000eb600000,0x00000000eb600000)
  to   space 1024K, 0% used [0x00000000eb700000,0x00000000eb700000,0x00000000eb800000)
 ParOldGen       total 231936K, used 217651K [0x00000000c0000000, 0x00000000ce280000, 0x00000000eab00000)
  object space 231936K, 93% used [0x00000000c0000000,0x00000000cd48cfb8,0x00000000ce280000)
 Metaspace       used 83001K, committed 84288K, reserved 1130496K
  class space    used 7927K, committed 8448K, reserved 1048576K
}
Event: 14458.962 GC heap after
{Heap after GC invocations=2960 (full 75):
 PSYoungGen      total 11776K, used 624K [0x00000000eab00000, 0x00000000eb800000, 0x0000000100000000)
  eden space 10752K, 0% used [0x00000000eab00000,0x00000000eab00000,0x00000000eb580000)
  from space 1024K, 60% used [0x00000000eb700000,0x00000000eb79c010,0x00000000eb800000)
  to   space 1024K, 0% used [0x00000000eb600000,0x00000000eb600000,0x00000000eb700000)
 ParOldGen       total 231936K, used 217971K [0x00000000c0000000, 0x00000000ce280000, 0x00000000eab00000)
  object space 231936K, 93% used [0x00000000c0000000,0x00000000cd4dcfd8,0x00000000ce280000)
 Metaspace       used 83001K, committed 84288K, reserved 1130496K
  class space    used 7927K, committed 8448K, reserved 1048576K
}
Event: 14458.968 GC heap before
{Heap before GC invocations=2961 (full 75):
 PSYoungGen      total 11776K, used 11376K [0x00000000eab00000, 0x00000000eb800000, 0x0000000100000000)
  eden space 10752K, 100% used [0x00000000eab00000,0x00000000eb580000,0x00000000eb580000)
  from space 1024K, 60% used [0x00000000eb700000,0x00000000eb79c010,0x00000000eb800000)
  to   space 1024K, 0% used [0x00000000eb600000,0x00000000eb600000,0x00000000eb700000)
 ParOldGen       total 231936K, used 217971K [0x00000000c0000000, 0x00000000ce280000, 0x00000000eab00000)
  object space 231936K, 93% used [0x00000000c0000000,0x00000000cd4dcfd8,0x00000000ce280000)
 Metaspace       used 83001K, committed 84288K, reserved 1130496K
  class space    used 7927K, committed 8448K, reserved 1048576K
}
Event: 14458.970 GC heap after
{Heap after GC invocations=2961 (full 75):
 PSYoungGen      total 11776K, used 512K [0x00000000eab00000, 0x00000000eb780000, 0x0000000100000000)
  eden space 10752K, 0% used [0x00000000eab00000,0x00000000eab00000,0x00000000eb580000)
  from space 1024K, 50% used [0x00000000eb600000,0x00000000eb680020,0x00000000eb700000)
  to   space 512K, 0% used [0x00000000eb700000,0x00000000eb700000,0x00000000eb780000)
 ParOldGen       total 231936K, used 218413K [0x00000000c0000000, 0x00000000ce280000, 0x00000000eab00000)
  object space 231936K, 94% used [0x00000000c0000000,0x00000000cd54b740,0x00000000ce280000)
 Metaspace       used 83001K, committed 84288K, reserved 1130496K
  class space    used 7927K, committed 8448K, reserved 1048576K
}
Event: 14458.977 GC heap before
{Heap before GC invocations=2962 (full 75):
 PSYoungGen      total 11776K, used 11264K [0x00000000eab00000, 0x00000000eb780000, 0x0000000100000000)
  eden space 10752K, 100% used [0x00000000eab00000,0x00000000eb580000,0x00000000eb580000)
  from space 1024K, 50% used [0x00000000eb600000,0x00000000eb680020,0x00000000eb700000)
  to   space 512K, 0% used [0x00000000eb700000,0x00000000eb700000,0x00000000eb780000)
 ParOldGen       total 231936K, used 218413K [0x00000000c0000000, 0x00000000ce280000, 0x00000000eab00000)
  object space 231936K, 94% used [0x00000000c0000000,0x00000000cd54b740,0x00000000ce280000)
 Metaspace       used 83001K, committed 84288K, reserved 1130496K
  class space    used 7927K, committed 8448K, reserved 1048576K
}
Event: 14458.977 GC heap after
{Heap after GC invocations=2962 (full 75):
 PSYoungGen      total 11264K, used 512K [0x00000000eab00000, 0x00000000eb780000, 0x0000000100000000)
  eden space 10752K, 0% used [0x00000000eab00000,0x00000000eab00000,0x00000000eb580000)
  from space 512K, 100% used [0x00000000eb700000,0x00000000eb780000,0x00000000eb780000)
  to   space 1024K, 0% used [0x00000000eb580000,0x00000000eb580000,0x00000000eb680000)
 ParOldGen       total 231936K, used 218741K [0x00000000c0000000, 0x00000000ce280000, 0x00000000eab00000)
  object space 231936K, 94% used [0x00000000c0000000,0x00000000cd59d760,0x00000000ce280000)
 Metaspace       used 83001K, committed 84288K, reserved 1130496K
  class space    used 7927K, committed 8448K, reserved 1048576K
}

